2018-11-19 17:22:36,782 [Worker-3] INFO  c.g.t.t.d.PublishedGradleVersions - Gradle version information cache is out-of-date. Trying to update.
2018-11-19 18:13:57,601 [Worker-24] INFO  o.e.m.c.i.p.ProjectConfigurationManager - Collecting project info '/pom.xml' G:\Ignite\com.bizruntime\pom.xml
2018-11-19 18:14:22,663 [Worker-24] INFO  o.e.m.c.i.l.LifecycleMappingFactory - Using org.eclipse.m2e.jdt.JarLifecycleMapping lifecycle mapping for MavenProject: Ignite:com.bizruntime:0.0.1-SNAPSHOT @ G:\Ignite\com.bizruntime\pom.xml.
2018-11-19 18:14:30,771 [Worker-24] INFO  o.e.m.j.i.AbstractJavaProjectConfigurator - Adding source folder /com.bizruntime/src/main/java
2018-11-19 18:14:30,799 [Worker-24] INFO  o.e.m.j.i.AbstractJavaProjectConfigurator - Adding source folder /com.bizruntime/src/test/java
2018-11-19 18:14:36,360 [Worker-24] INFO  o.e.m.c.i.p.ProjectConfigurationManager - Imported and configured 1 project(s) in 38 sec
2018-11-19 18:14:38,288 [Worker-24] INFO  o.e.m.c.i.embedder.EclipseLogger - Using 'UTF-8' encoding to copy filtered resources.
2018-11-19 18:14:38,289 [Worker-24] INFO  o.e.m.c.i.embedder.EclipseLogger - skip non existing resourceDirectory G:\Ignite\com.bizruntime\src\main\resources
2018-11-19 18:14:38,297 [Worker-24] INFO  o.e.m.c.i.embedder.EclipseLogger - Using 'UTF-8' encoding to copy filtered resources.
2018-11-19 18:14:38,298 [Worker-24] INFO  o.e.m.c.i.embedder.EclipseLogger - skip non existing resourceDirectory G:\Ignite\com.bizruntime\src\test\resources
2018-11-19 18:16:55,186 [Worker-30] INFO  o.e.m.c.i.l.LifecycleMappingFactory - Using org.eclipse.m2e.jdt.JarLifecycleMapping lifecycle mapping for MavenProject: Ignite:com.bizruntime:0.0.1-SNAPSHOT @ G:\Ignite\com.bizruntime\pom.xml.
2018-11-19 18:16:56,487 [Worker-30] INFO  o.e.m.c.i.e.AbstractTransferListenerAdapter - Downloading https://repo.maven.apache.org/maven2/org/apache/ignite/ignite-core/2.6.0/ignite-core-2.6.0.pom
2018-11-19 18:16:56,760 [Worker-30] INFO  o.e.m.c.i.e.AbstractTransferListenerAdapter - Downloaded https://repo.maven.apache.org/maven2/org/apache/ignite/ignite-core/2.6.0/ignite-core-2.6.0.pom
2018-11-19 18:16:57,000 [Worker-30] INFO  o.e.m.c.i.e.AbstractTransferListenerAdapter - Downloading https://repo.maven.apache.org/maven2/javax/cache/cache-api/1.0.0/cache-api-1.0.0.pom
2018-11-19 18:16:57,265 [Worker-30] INFO  o.e.m.c.i.e.AbstractTransferListenerAdapter - Downloaded https://repo.maven.apache.org/maven2/javax/cache/cache-api/1.0.0/cache-api-1.0.0.pom
2018-11-19 18:16:57,599 [Worker-30] INFO  o.e.m.c.i.e.AbstractTransferListenerAdapter - Downloading https://repo.maven.apache.org/maven2/org/jetbrains/annotations/13.0/annotations-13.0.pom
2018-11-19 18:16:57,924 [Worker-30] INFO  o.e.m.c.i.e.AbstractTransferListenerAdapter - Downloaded https://repo.maven.apache.org/maven2/org/jetbrains/annotations/13.0/annotations-13.0.pom
2018-11-19 18:16:58,165 [Worker-30] INFO  o.e.m.c.i.e.AbstractTransferListenerAdapter - Downloading https://repo.maven.apache.org/maven2/org/gridgain/ignite-shmem/1.0.0/ignite-shmem-1.0.0.pom
2018-11-19 18:16:58,432 [Worker-30] INFO  o.e.m.c.i.e.AbstractTransferListenerAdapter - Downloaded https://repo.maven.apache.org/maven2/org/gridgain/ignite-shmem/1.0.0/ignite-shmem-1.0.0.pom
2018-11-19 18:16:58,760 [Worker-30] INFO  o.e.m.c.i.e.AbstractTransferListenerAdapter - Downloading https://repo.maven.apache.org/maven2/org/apache/ignite/ignite-spring/2.6.0/ignite-spring-2.6.0.pom
2018-11-19 18:16:58,979 [Worker-30] INFO  o.e.m.c.i.e.AbstractTransferListenerAdapter - Downloaded https://repo.maven.apache.org/maven2/org/apache/ignite/ignite-spring/2.6.0/ignite-spring-2.6.0.pom
2018-11-19 18:16:59,220 [Worker-30] INFO  o.e.m.c.i.e.AbstractTransferListenerAdapter - Downloading https://repo.maven.apache.org/maven2/org/apache/ignite/ignite-indexing/2.6.0/ignite-indexing-2.6.0.pom
2018-11-19 18:16:59,484 [Worker-30] INFO  o.e.m.c.i.e.AbstractTransferListenerAdapter - Downloaded https://repo.maven.apache.org/maven2/org/apache/ignite/ignite-indexing/2.6.0/ignite-indexing-2.6.0.pom
2018-11-19 18:16:59,732 [Worker-30] INFO  o.e.m.c.i.e.AbstractTransferListenerAdapter - Downloading https://repo.maven.apache.org/maven2/commons-codec/commons-codec/1.11/commons-codec-1.11.pom
2018-11-19 18:16:59,969 [Worker-30] INFO  o.e.m.c.i.e.AbstractTransferListenerAdapter - Downloaded https://repo.maven.apache.org/maven2/commons-codec/commons-codec/1.11/commons-codec-1.11.pom
2018-11-19 18:17:00,215 [Worker-30] INFO  o.e.m.c.i.e.AbstractTransferListenerAdapter - Downloading https://repo.maven.apache.org/maven2/org/apache/commons/commons-parent/42/commons-parent-42.pom
2018-11-19 18:17:00,763 [Worker-30] INFO  o.e.m.c.i.e.AbstractTransferListenerAdapter - Downloaded https://repo.maven.apache.org/maven2/org/apache/commons/commons-parent/42/commons-parent-42.pom
2018-11-19 18:17:01,137 [Worker-30] INFO  o.e.m.c.i.e.AbstractTransferListenerAdapter - Downloading https://repo.maven.apache.org/maven2/org/apache/lucene/lucene-core/5.5.2/lucene-core-5.5.2.pom
2018-11-19 18:17:01,357 [Worker-30] INFO  o.e.m.c.i.e.AbstractTransferListenerAdapter - Downloaded https://repo.maven.apache.org/maven2/org/apache/lucene/lucene-core/5.5.2/lucene-core-5.5.2.pom
2018-11-19 18:17:01,560 [Worker-30] INFO  o.e.m.c.i.e.AbstractTransferListenerAdapter - Downloading https://repo.maven.apache.org/maven2/org/apache/lucene/lucene-parent/5.5.2/lucene-parent-5.5.2.pom
2018-11-19 18:17:01,867 [Worker-30] INFO  o.e.m.c.i.e.AbstractTransferListenerAdapter - Downloaded https://repo.maven.apache.org/maven2/org/apache/lucene/lucene-parent/5.5.2/lucene-parent-5.5.2.pom
2018-11-19 18:17:02,081 [Worker-30] INFO  o.e.m.c.i.e.AbstractTransferListenerAdapter - Downloading https://repo.maven.apache.org/maven2/org/apache/lucene/lucene-solr-grandparent/5.5.2/lucene-solr-grandparent-5.5.2.pom
2018-11-19 18:17:03,037 [Worker-30] INFO  o.e.m.c.i.e.AbstractTransferListenerAdapter - Downloaded https://repo.maven.apache.org/maven2/org/apache/lucene/lucene-solr-grandparent/5.5.2/lucene-solr-grandparent-5.5.2.pom
2018-11-19 18:17:03,301 [Worker-30] INFO  o.e.m.c.i.e.AbstractTransferListenerAdapter - Downloading https://repo.maven.apache.org/maven2/org/apache/lucene/lucene-analyzers-common/5.5.2/lucene-analyzers-common-5.5.2.pom
2018-11-19 18:17:03,526 [Worker-30] INFO  o.e.m.c.i.e.AbstractTransferListenerAdapter - Downloaded https://repo.maven.apache.org/maven2/org/apache/lucene/lucene-analyzers-common/5.5.2/lucene-analyzers-common-5.5.2.pom
2018-11-19 18:17:03,961 [Worker-30] INFO  o.e.m.c.i.e.AbstractTransferListenerAdapter - Downloading https://repo.maven.apache.org/maven2/org/apache/lucene/lucene-queryparser/5.5.2/lucene-queryparser-5.5.2.pom
2018-11-19 18:17:04,224 [Worker-30] INFO  o.e.m.c.i.e.AbstractTransferListenerAdapter - Downloaded https://repo.maven.apache.org/maven2/org/apache/lucene/lucene-queryparser/5.5.2/lucene-queryparser-5.5.2.pom
2018-11-19 18:17:04,506 [Worker-30] INFO  o.e.m.c.i.e.AbstractTransferListenerAdapter - Downloading https://repo.maven.apache.org/maven2/org/apache/lucene/lucene-queries/5.5.2/lucene-queries-5.5.2.pom
2018-11-19 18:17:04,726 [Worker-30] INFO  o.e.m.c.i.e.AbstractTransferListenerAdapter - Downloaded https://repo.maven.apache.org/maven2/org/apache/lucene/lucene-queries/5.5.2/lucene-queries-5.5.2.pom
2018-11-19 18:17:05,003 [Worker-30] INFO  o.e.m.c.i.e.AbstractTransferListenerAdapter - Downloading https://repo.maven.apache.org/maven2/org/apache/lucene/lucene-sandbox/5.5.2/lucene-sandbox-5.5.2.pom
2018-11-19 18:17:05,247 [Worker-30] INFO  o.e.m.c.i.e.AbstractTransferListenerAdapter - Downloaded https://repo.maven.apache.org/maven2/org/apache/lucene/lucene-sandbox/5.5.2/lucene-sandbox-5.5.2.pom
2018-11-19 18:17:05,701 [Worker-30] INFO  o.e.m.c.i.e.AbstractTransferListenerAdapter - Downloading https://repo.maven.apache.org/maven2/com/h2database/h2/1.4.195/h2-1.4.195.pom
2018-11-19 18:17:05,960 [Worker-30] INFO  o.e.m.c.i.e.AbstractTransferListenerAdapter - Downloaded https://repo.maven.apache.org/maven2/com/h2database/h2/1.4.195/h2-1.4.195.pom
2018-11-19 18:17:06,184 [Worker-30] INFO  o.e.m.c.i.e.AbstractTransferListenerAdapter - Downloading https://repo.maven.apache.org/maven2/org/springframework/spring-core/4.3.16.RELEASE/spring-core-4.3.16.RELEASE.pom
2018-11-19 18:17:06,501 [Worker-30] INFO  o.e.m.c.i.e.AbstractTransferListenerAdapter - Downloaded https://repo.maven.apache.org/maven2/org/springframework/spring-core/4.3.16.RELEASE/spring-core-4.3.16.RELEASE.pom
2018-11-19 18:17:06,746 [Worker-30] INFO  o.e.m.c.i.e.AbstractTransferListenerAdapter - Downloading https://repo.maven.apache.org/maven2/commons-logging/commons-logging/1.2/commons-logging-1.2.pom
2018-11-19 18:17:06,984 [Worker-30] INFO  o.e.m.c.i.e.AbstractTransferListenerAdapter - Downloaded https://repo.maven.apache.org/maven2/commons-logging/commons-logging/1.2/commons-logging-1.2.pom
2018-11-19 18:17:07,193 [Worker-30] INFO  o.e.m.c.i.e.AbstractTransferListenerAdapter - Downloading https://repo.maven.apache.org/maven2/org/apache/commons/commons-parent/34/commons-parent-34.pom
2018-11-19 18:17:07,461 [Worker-30] INFO  o.e.m.c.i.e.AbstractTransferListenerAdapter - Downloaded https://repo.maven.apache.org/maven2/org/apache/commons/commons-parent/34/commons-parent-34.pom
2018-11-19 18:17:07,705 [Worker-30] INFO  o.e.m.c.i.e.AbstractTransferListenerAdapter - Downloading https://repo.maven.apache.org/maven2/org/springframework/spring-aop/4.3.16.RELEASE/spring-aop-4.3.16.RELEASE.pom
2018-11-19 18:17:07,947 [Worker-30] INFO  o.e.m.c.i.e.AbstractTransferListenerAdapter - Downloaded https://repo.maven.apache.org/maven2/org/springframework/spring-aop/4.3.16.RELEASE/spring-aop-4.3.16.RELEASE.pom
2018-11-19 18:17:08,469 [Worker-30] INFO  o.e.m.c.i.e.AbstractTransferListenerAdapter - Downloading https://repo.maven.apache.org/maven2/org/springframework/spring-beans/4.3.16.RELEASE/spring-beans-4.3.16.RELEASE.pom
2018-11-19 18:17:08,837 [Worker-30] INFO  o.e.m.c.i.e.AbstractTransferListenerAdapter - Downloaded https://repo.maven.apache.org/maven2/org/springframework/spring-beans/4.3.16.RELEASE/spring-beans-4.3.16.RELEASE.pom
2018-11-19 18:17:09,178 [Worker-30] INFO  o.e.m.c.i.e.AbstractTransferListenerAdapter - Downloading https://repo.maven.apache.org/maven2/org/springframework/spring-context/4.3.16.RELEASE/spring-context-4.3.16.RELEASE.pom
2018-11-19 18:17:09,395 [Worker-30] INFO  o.e.m.c.i.e.AbstractTransferListenerAdapter - Downloaded https://repo.maven.apache.org/maven2/org/springframework/spring-context/4.3.16.RELEASE/spring-context-4.3.16.RELEASE.pom
2018-11-19 18:17:09,628 [Worker-30] INFO  o.e.m.c.i.e.AbstractTransferListenerAdapter - Downloading https://repo.maven.apache.org/maven2/org/springframework/spring-expression/4.3.16.RELEASE/spring-expression-4.3.16.RELEASE.pom
2018-11-19 18:17:09,891 [Worker-30] INFO  o.e.m.c.i.e.AbstractTransferListenerAdapter - Downloaded https://repo.maven.apache.org/maven2/org/springframework/spring-expression/4.3.16.RELEASE/spring-expression-4.3.16.RELEASE.pom
2018-11-19 18:17:10,116 [Worker-30] INFO  o.e.m.c.i.e.AbstractTransferListenerAdapter - Downloading https://repo.maven.apache.org/maven2/org/springframework/spring-tx/4.3.16.RELEASE/spring-tx-4.3.16.RELEASE.pom
2018-11-19 18:17:10,355 [Worker-30] INFO  o.e.m.c.i.e.AbstractTransferListenerAdapter - Downloaded https://repo.maven.apache.org/maven2/org/springframework/spring-tx/4.3.16.RELEASE/spring-tx-4.3.16.RELEASE.pom
2018-11-19 18:17:10,573 [Worker-30] INFO  o.e.m.c.i.e.AbstractTransferListenerAdapter - Downloading https://repo.maven.apache.org/maven2/org/springframework/spring-jdbc/4.3.16.RELEASE/spring-jdbc-4.3.16.RELEASE.pom
2018-11-19 18:17:10,776 [Worker-30] INFO  o.e.m.c.i.e.AbstractTransferListenerAdapter - Downloaded https://repo.maven.apache.org/maven2/org/springframework/spring-jdbc/4.3.16.RELEASE/spring-jdbc-4.3.16.RELEASE.pom
2018-11-19 18:17:11,024 [Worker-30] INFO  o.e.m.c.i.e.AbstractTransferListenerAdapter - Downloading https://repo.maven.apache.org/maven2/commons-logging/commons-logging/1.1.1/commons-logging-1.1.1.pom
2018-11-19 18:17:11,227 [Worker-30] INFO  o.e.m.c.i.e.AbstractTransferListenerAdapter - Downloaded https://repo.maven.apache.org/maven2/commons-logging/commons-logging/1.1.1/commons-logging-1.1.1.pom
2018-11-19 18:17:11,451 [Worker-30] INFO  o.e.m.c.i.e.AbstractTransferListenerAdapter - Downloading https://repo.maven.apache.org/maven2/org/apache/commons/commons-parent/5/commons-parent-5.pom
2018-11-19 18:17:11,663 [Worker-30] INFO  o.e.m.c.i.e.AbstractTransferListenerAdapter - Downloaded https://repo.maven.apache.org/maven2/org/apache/commons/commons-parent/5/commons-parent-5.pom
2018-11-19 18:17:11,949 [Worker-30] INFO  o.e.m.c.i.e.AbstractTransferListenerAdapter - Downloading https://repo.maven.apache.org/maven2/org/apache/ignite/ignite-core/2.6.0/ignite-core-2.6.0.jar
2018-11-19 18:17:18,770 [Worker-30] INFO  o.e.m.c.i.e.AbstractTransferListenerAdapter - Downloaded https://repo.maven.apache.org/maven2/org/apache/ignite/ignite-core/2.6.0/ignite-core-2.6.0.jar
2018-11-19 18:17:18,936 [Worker-30] INFO  o.e.m.c.i.e.AbstractTransferListenerAdapter - Downloading https://repo.maven.apache.org/maven2/javax/cache/cache-api/1.0.0/cache-api-1.0.0.jar
2018-11-19 18:17:20,975 [Worker-30] INFO  o.e.m.c.i.e.AbstractTransferListenerAdapter - Downloaded https://repo.maven.apache.org/maven2/javax/cache/cache-api/1.0.0/cache-api-1.0.0.jar
2018-11-19 18:17:21,129 [Worker-30] INFO  o.e.m.c.i.e.AbstractTransferListenerAdapter - Downloading https://repo.maven.apache.org/maven2/org/jetbrains/annotations/13.0/annotations-13.0.jar
2018-11-19 18:17:21,913 [Worker-30] INFO  o.e.m.c.i.e.AbstractTransferListenerAdapter - Downloaded https://repo.maven.apache.org/maven2/org/jetbrains/annotations/13.0/annotations-13.0.jar
2018-11-19 18:17:22,066 [Worker-30] INFO  o.e.m.c.i.e.AbstractTransferListenerAdapter - Downloading https://repo.maven.apache.org/maven2/org/gridgain/ignite-shmem/1.0.0/ignite-shmem-1.0.0.jar
2018-11-19 18:17:22,283 [Worker-30] INFO  o.e.m.c.i.e.AbstractTransferListenerAdapter - Downloaded https://repo.maven.apache.org/maven2/org/gridgain/ignite-shmem/1.0.0/ignite-shmem-1.0.0.jar
2018-11-19 18:17:22,458 [Worker-30] INFO  o.e.m.c.i.e.AbstractTransferListenerAdapter - Downloading https://repo.maven.apache.org/maven2/org/apache/ignite/ignite-spring/2.6.0/ignite-spring-2.6.0.jar
2018-11-19 18:17:23,160 [Worker-30] INFO  o.e.m.c.i.e.AbstractTransferListenerAdapter - Downloaded https://repo.maven.apache.org/maven2/org/apache/ignite/ignite-spring/2.6.0/ignite-spring-2.6.0.jar
2018-11-19 18:17:23,323 [Worker-30] INFO  o.e.m.c.i.e.AbstractTransferListenerAdapter - Downloading https://repo.maven.apache.org/maven2/org/apache/ignite/ignite-indexing/2.6.0/ignite-indexing-2.6.0.jar
2018-11-19 18:17:23,861 [Worker-30] INFO  o.e.m.c.i.e.AbstractTransferListenerAdapter - Downloaded https://repo.maven.apache.org/maven2/org/apache/ignite/ignite-indexing/2.6.0/ignite-indexing-2.6.0.jar
2018-11-19 18:17:24,032 [Worker-30] INFO  o.e.m.c.i.e.AbstractTransferListenerAdapter - Downloading https://repo.maven.apache.org/maven2/commons-codec/commons-codec/1.11/commons-codec-1.11.jar
2018-11-19 18:17:24,326 [Worker-30] INFO  o.e.m.c.i.e.AbstractTransferListenerAdapter - Downloaded https://repo.maven.apache.org/maven2/commons-codec/commons-codec/1.11/commons-codec-1.11.jar
2018-11-19 18:17:24,484 [Worker-30] INFO  o.e.m.c.i.e.AbstractTransferListenerAdapter - Downloading https://repo.maven.apache.org/maven2/org/apache/lucene/lucene-core/5.5.2/lucene-core-5.5.2.jar
2018-11-19 18:17:26,327 [Worker-30] INFO  o.e.m.c.i.e.AbstractTransferListenerAdapter - Downloaded https://repo.maven.apache.org/maven2/org/apache/lucene/lucene-core/5.5.2/lucene-core-5.5.2.jar
2018-11-19 18:17:26,479 [Worker-30] INFO  o.e.m.c.i.e.AbstractTransferListenerAdapter - Downloading https://repo.maven.apache.org/maven2/org/apache/lucene/lucene-analyzers-common/5.5.2/lucene-analyzers-common-5.5.2.jar
2018-11-19 18:17:27,454 [Worker-30] INFO  o.e.m.c.i.e.AbstractTransferListenerAdapter - Downloaded https://repo.maven.apache.org/maven2/org/apache/lucene/lucene-analyzers-common/5.5.2/lucene-analyzers-common-5.5.2.jar
2018-11-19 18:17:27,641 [Worker-30] INFO  o.e.m.c.i.e.AbstractTransferListenerAdapter - Downloading https://repo.maven.apache.org/maven2/org/apache/lucene/lucene-queryparser/5.5.2/lucene-queryparser-5.5.2.jar
2018-11-19 18:17:27,988 [Worker-30] INFO  o.e.m.c.i.e.AbstractTransferListenerAdapter - Downloaded https://repo.maven.apache.org/maven2/org/apache/lucene/lucene-queryparser/5.5.2/lucene-queryparser-5.5.2.jar
2018-11-19 18:17:28,189 [Worker-30] INFO  o.e.m.c.i.e.AbstractTransferListenerAdapter - Downloading https://repo.maven.apache.org/maven2/org/apache/lucene/lucene-queries/5.5.2/lucene-queries-5.5.2.jar
2018-11-19 18:17:28,607 [Worker-30] INFO  o.e.m.c.i.e.AbstractTransferListenerAdapter - Downloaded https://repo.maven.apache.org/maven2/org/apache/lucene/lucene-queries/5.5.2/lucene-queries-5.5.2.jar
2018-11-19 18:17:28,778 [Worker-30] INFO  o.e.m.c.i.e.AbstractTransferListenerAdapter - Downloading https://repo.maven.apache.org/maven2/org/apache/lucene/lucene-sandbox/5.5.2/lucene-sandbox-5.5.2.jar
2018-11-19 18:17:29,061 [Worker-30] INFO  o.e.m.c.i.e.AbstractTransferListenerAdapter - Downloaded https://repo.maven.apache.org/maven2/org/apache/lucene/lucene-sandbox/5.5.2/lucene-sandbox-5.5.2.jar
2018-11-19 18:17:29,236 [Worker-30] INFO  o.e.m.c.i.e.AbstractTransferListenerAdapter - Downloading https://repo.maven.apache.org/maven2/com/h2database/h2/1.4.195/h2-1.4.195.jar
2018-11-19 18:17:30,975 [Worker-30] INFO  o.e.m.c.i.e.AbstractTransferListenerAdapter - Downloaded https://repo.maven.apache.org/maven2/com/h2database/h2/1.4.195/h2-1.4.195.jar
2018-11-19 18:17:31,226 [Worker-30] INFO  o.e.m.c.i.e.AbstractTransferListenerAdapter - Downloading https://repo.maven.apache.org/maven2/org/springframework/spring-core/4.3.16.RELEASE/spring-core-4.3.16.RELEASE.jar
2018-11-19 18:17:32,130 [Worker-30] INFO  o.e.m.c.i.e.AbstractTransferListenerAdapter - Downloaded https://repo.maven.apache.org/maven2/org/springframework/spring-core/4.3.16.RELEASE/spring-core-4.3.16.RELEASE.jar
2018-11-19 18:17:32,304 [Worker-30] INFO  o.e.m.c.i.e.AbstractTransferListenerAdapter - Downloading https://repo.maven.apache.org/maven2/org/springframework/spring-aop/4.3.16.RELEASE/spring-aop-4.3.16.RELEASE.jar
2018-11-19 18:17:33,028 [Worker-30] INFO  o.e.m.c.i.e.AbstractTransferListenerAdapter - Downloaded https://repo.maven.apache.org/maven2/org/springframework/spring-aop/4.3.16.RELEASE/spring-aop-4.3.16.RELEASE.jar
2018-11-19 18:17:33,309 [Worker-30] INFO  o.e.m.c.i.e.AbstractTransferListenerAdapter - Downloading https://repo.maven.apache.org/maven2/org/springframework/spring-beans/4.3.16.RELEASE/spring-beans-4.3.16.RELEASE.jar
2018-11-19 18:17:34,095 [Worker-30] INFO  o.e.m.c.i.e.AbstractTransferListenerAdapter - Downloaded https://repo.maven.apache.org/maven2/org/springframework/spring-beans/4.3.16.RELEASE/spring-beans-4.3.16.RELEASE.jar
2018-11-19 18:17:34,283 [Worker-30] INFO  o.e.m.c.i.e.AbstractTransferListenerAdapter - Downloading https://repo.maven.apache.org/maven2/org/springframework/spring-context/4.3.16.RELEASE/spring-context-4.3.16.RELEASE.jar
2018-11-19 18:17:35,598 [Worker-30] INFO  o.e.m.c.i.e.AbstractTransferListenerAdapter - Downloaded https://repo.maven.apache.org/maven2/org/springframework/spring-context/4.3.16.RELEASE/spring-context-4.3.16.RELEASE.jar
2018-11-19 18:17:35,810 [Worker-30] INFO  o.e.m.c.i.e.AbstractTransferListenerAdapter - Downloading https://repo.maven.apache.org/maven2/org/springframework/spring-expression/4.3.16.RELEASE/spring-expression-4.3.16.RELEASE.jar
2018-11-19 18:17:36,103 [Worker-30] INFO  o.e.m.c.i.e.AbstractTransferListenerAdapter - Downloaded https://repo.maven.apache.org/maven2/org/springframework/spring-expression/4.3.16.RELEASE/spring-expression-4.3.16.RELEASE.jar
2018-11-19 18:17:36,440 [Worker-30] INFO  o.e.m.c.i.e.AbstractTransferListenerAdapter - Downloading https://repo.maven.apache.org/maven2/org/springframework/spring-tx/4.3.16.RELEASE/spring-tx-4.3.16.RELEASE.jar
2018-11-19 18:17:36,766 [Worker-30] INFO  o.e.m.c.i.e.AbstractTransferListenerAdapter - Downloaded https://repo.maven.apache.org/maven2/org/springframework/spring-tx/4.3.16.RELEASE/spring-tx-4.3.16.RELEASE.jar
2018-11-19 18:17:36,936 [Worker-30] INFO  o.e.m.c.i.e.AbstractTransferListenerAdapter - Downloading https://repo.maven.apache.org/maven2/org/springframework/spring-jdbc/4.3.16.RELEASE/spring-jdbc-4.3.16.RELEASE.jar
2018-11-19 18:17:37,403 [Worker-30] INFO  o.e.m.c.i.e.AbstractTransferListenerAdapter - Downloaded https://repo.maven.apache.org/maven2/org/springframework/spring-jdbc/4.3.16.RELEASE/spring-jdbc-4.3.16.RELEASE.jar
2018-11-19 18:17:37,560 [Worker-30] INFO  o.e.m.c.i.e.AbstractTransferListenerAdapter - Downloading https://repo.maven.apache.org/maven2/commons-logging/commons-logging/1.1.1/commons-logging-1.1.1.jar
2018-11-19 18:17:37,835 [Worker-30] INFO  o.e.m.c.i.e.AbstractTransferListenerAdapter - Downloaded https://repo.maven.apache.org/maven2/commons-logging/commons-logging/1.1.1/commons-logging-1.1.1.jar
2018-11-19 18:17:55,478 [Worker-30] INFO  o.e.m.c.i.embedder.EclipseLogger - Using 'UTF-8' encoding to copy filtered resources.
2018-11-19 18:17:55,480 [Worker-30] INFO  o.e.m.c.i.embedder.EclipseLogger - skip non existing resourceDirectory G:\Ignite\com.bizruntime\src\main\resources
2018-11-19 18:17:55,488 [Worker-30] INFO  o.e.m.c.i.embedder.EclipseLogger - Using 'UTF-8' encoding to copy filtered resources.
2018-11-19 18:17:55,491 [Worker-30] INFO  o.e.m.c.i.embedder.EclipseLogger - skip non existing resourceDirectory G:\Ignite\com.bizruntime\src\test\resources
2018-11-19 18:18:09,453 [Worker-32] INFO  o.e.m.c.i.embedder.EclipseLogger - Using 'UTF-8' encoding to copy filtered resources.
2018-11-19 18:18:09,454 [Worker-32] INFO  o.e.m.c.i.embedder.EclipseLogger - skip non existing resourceDirectory G:\Ignite\com.bizruntime\src\main\resources
2018-11-19 18:18:09,456 [Worker-32] INFO  o.e.m.c.i.embedder.EclipseLogger - Using 'UTF-8' encoding to copy filtered resources.
2018-11-19 18:18:09,456 [Worker-32] INFO  o.e.m.c.i.embedder.EclipseLogger - skip non existing resourceDirectory G:\Ignite\com.bizruntime\src\test\resources
2018-11-19 18:18:10,709 [Worker-33] INFO  o.e.m.c.i.embedder.EclipseLogger - Using 'UTF-8' encoding to copy filtered resources.
2018-11-19 18:18:10,709 [Worker-33] INFO  o.e.m.c.i.embedder.EclipseLogger - skip non existing resourceDirectory G:\Ignite\com.bizruntime\src\main\resources
2018-11-19 18:18:10,714 [Worker-33] INFO  o.e.m.c.i.embedder.EclipseLogger - Using 'UTF-8' encoding to copy filtered resources.
2018-11-19 18:18:10,714 [Worker-33] INFO  o.e.m.c.i.embedder.EclipseLogger - skip non existing resourceDirectory G:\Ignite\com.bizruntime\src\test\resources
2018-11-19 18:23:44,358 [Worker-40] INFO  o.e.m.c.i.embedder.EclipseLogger - Using 'UTF-8' encoding to copy filtered resources.
2018-11-19 18:23:44,359 [Worker-40] INFO  o.e.m.c.i.embedder.EclipseLogger - skip non existing resourceDirectory G:\Ignite\com.bizruntime\src\main\resources
2018-11-19 18:23:44,362 [Worker-40] INFO  o.e.m.c.i.embedder.EclipseLogger - Using 'UTF-8' encoding to copy filtered resources.
2018-11-19 18:23:44,363 [Worker-40] INFO  o.e.m.c.i.embedder.EclipseLogger - skip non existing resourceDirectory G:\Ignite\com.bizruntime\src\test\resources
2018-11-19 18:59:24,593 [Worker-48] INFO  o.e.m.c.i.embedder.EclipseLogger - Using 'UTF-8' encoding to copy filtered resources.
2018-11-19 18:59:24,600 [Worker-48] INFO  o.e.m.c.i.embedder.EclipseLogger - skip non existing resourceDirectory G:\Ignite\com.bizruntime\src\main\resources
2018-11-19 18:59:24,612 [Worker-48] INFO  o.e.m.c.i.embedder.EclipseLogger - Using 'UTF-8' encoding to copy filtered resources.
2018-11-19 18:59:24,613 [Worker-48] INFO  o.e.m.c.i.embedder.EclipseLogger - skip non existing resourceDirectory G:\Ignite\com.bizruntime\src\test\resources
2018-11-19 19:01:38,733 [Worker-49] INFO  o.e.m.c.i.embedder.EclipseLogger - Using 'UTF-8' encoding to copy filtered resources.
2018-11-19 19:01:38,735 [Worker-49] INFO  o.e.m.c.i.embedder.EclipseLogger - skip non existing resourceDirectory G:\Ignite\com.bizruntime\src\main\resources
2018-11-19 19:01:38,739 [Worker-49] INFO  o.e.m.c.i.embedder.EclipseLogger - Using 'UTF-8' encoding to copy filtered resources.
2018-11-19 19:01:38,740 [Worker-49] INFO  o.e.m.c.i.embedder.EclipseLogger - skip non existing resourceDirectory G:\Ignite\com.bizruntime\src\test\resources
2018-11-19 19:05:21,813 [Worker-49] INFO  o.e.m.c.i.embedder.EclipseLogger - Using 'UTF-8' encoding to copy filtered resources.
2018-11-19 19:05:21,813 [Worker-49] INFO  o.e.m.c.i.embedder.EclipseLogger - skip non existing resourceDirectory G:\Ignite\com.bizruntime\src\main\resources
2018-11-19 19:05:21,818 [Worker-49] INFO  o.e.m.c.i.embedder.EclipseLogger - Using 'UTF-8' encoding to copy filtered resources.
2018-11-19 19:05:21,819 [Worker-49] INFO  o.e.m.c.i.embedder.EclipseLogger - skip non existing resourceDirectory G:\Ignite\com.bizruntime\src\test\resources
2018-11-19 19:06:23,905 [Worker-44] INFO  o.e.m.c.i.embedder.EclipseLogger - Using 'UTF-8' encoding to copy filtered resources.
2018-11-19 19:06:23,906 [Worker-44] INFO  o.e.m.c.i.embedder.EclipseLogger - skip non existing resourceDirectory G:\Ignite\com.bizruntime\src\main\resources
2018-11-19 19:06:23,923 [Worker-44] INFO  o.e.m.c.i.embedder.EclipseLogger - Using 'UTF-8' encoding to copy filtered resources.
2018-11-19 19:06:23,923 [Worker-44] INFO  o.e.m.c.i.embedder.EclipseLogger - skip non existing resourceDirectory G:\Ignite\com.bizruntime\src\test\resources
2018-11-19 19:07:57,489 [Worker-49] INFO  o.e.m.c.i.embedder.EclipseLogger - Using 'UTF-8' encoding to copy filtered resources.
2018-11-19 19:07:57,490 [Worker-49] INFO  o.e.m.c.i.embedder.EclipseLogger - skip non existing resourceDirectory G:\Ignite\com.bizruntime\src\main\resources
2018-11-19 19:07:57,495 [Worker-49] INFO  o.e.m.c.i.embedder.EclipseLogger - Using 'UTF-8' encoding to copy filtered resources.
2018-11-19 19:07:57,496 [Worker-49] INFO  o.e.m.c.i.embedder.EclipseLogger - skip non existing resourceDirectory G:\Ignite\com.bizruntime\src\test\resources
